[Message:   BepInEx] BepInEx 5.4.23.4 - NuclearOption (11/5/2025 8:33:36 PM)
[Info   :   BepInEx] Running under Unity v2022.3.62.7762112
[Info   :   BepInEx] CLR runtime version: 4.0.30319.42000
[Info   :   BepInEx] Supports SRE: True
[Info   :   BepInEx] System platform: Bits64, Windows
[Message:   BepInEx] Preloader started
[Info   :   BepInEx] Loaded 1 patcher method from [BepInEx.Preloader 5.4.23.4]
[Info   :   BepInEx] 1 patcher plugin loaded
[Info   :   BepInEx] Patching [UnityEngine.CoreModule] with [BepInEx.Chainloader]
[Message:   BepInEx] Preloader finished
[Message:   BepInEx] Chainloader ready
[Message:   BepInEx] Chainloader started
[Info   :   BepInEx] 2 plugins to load
[Info   :   BepInEx] Loading [Configuration Manager 18.4.1]
[Info   :   BepInEx] Loading [WSOYappinator 2.1.2]
[Info   :WSOYappinator] Initializing set folder: C:\Program Files\Steam\steamapps\common\Nuclear Option\BepInEx\plugins\audio\Prez _Monarch
[Info   :WSOYappinator] loaded 51 priorities from C:\Program Files\Steam\steamapps\common\Nuclear Option\BepInEx\plugins\audio\Prez _Monarch\eventPriorities.txt
[Info   :WSOYappinator] Registering events for set [Prez _Monarch] (51 events)
[Info   :WSOYappinator] Registered [beingJammed] (2 clips)
[Info   :WSOYappinator] Registered [Death] (2 clips)
[Info   :WSOYappinator] Registered [Eject] (2 clips)
[Info   :WSOYappinator] Registered [engineDamage] (1 clips)
[Info   :WSOYappinator] Registered [engineLost] (3 clips)
[Info   :WSOYappinator] Registered [fireAGM] (3 clips)
[Info   :WSOYappinator] Registered [fireAGR] (6 clips)
[Info   :WSOYappinator] Registered [fireARM] (4 clips)
[Info   :WSOYappinator] Registered [fireBomb] (4 clips)
[Info   :WSOYappinator] Registered [fireCruise] (3 clips)
[Info   :WSOYappinator] Registered [fireFox2] (3 clips)
[Info   :WSOYappinator] Registered [fireFox3] (3 clips)
[Info   :WSOYappinator] Registered [fireMissile] (3 clips)
[Info   :WSOYappinator] Registered [fireNuclear] (4 clips)
[Info   :WSOYappinator] Registered [FlightAssistOff] (2 clips)
[Info   :WSOYappinator] Registered [fuelLow] (1 clips)
[Info   :WSOYappinator] Registered [GearDown] (4 clips)
[Info   :WSOYappinator] Registered [GearUp] (2 clips)
[Info   :WSOYappinator] Registered [guns] (5 clips)
[Info   :WSOYappinator] Registered [HitMarker] (17 clips)
[Info   :WSOYappinator] Registered [killAircraft] (6 clips)
[Info   :WSOYappinator] Registered [killGeneric] (12 clips)
[Info   :WSOYappinator] Registered [onGLOC] (2 clips)
[Info   :WSOYappinator] Registered [onSortieSuccess] (7 clips)
[Info   :WSOYappinator] Registered [partDetach] (2 clips)
[Info   :WSOYappinator] Registered [radarPingLocked] (3 clips)
[Info   :WSOYappinator] Registered [radarPingNew] (5 clips)
[Info   :WSOYappinator] Registered [Rearm] (1 clips)
[Info   :WSOYappinator] Registered [RwrOff] (2 clips)
[Info   :WSOYappinator] Registered [RwrOn] (4 clips)
[Info   :WSOYappinator] Registered [RwrOnFox2] (3 clips)
[Info   :WSOYappinator] Registered [Spawn] (5 clips)
[Info   :WSOYappinator] Registered [takeDamage] (3 clips)
[Info   :WSOYappinator] Registered [Touchdown] (4 clips)
[Info   :WSOYappinator] Mod loaded!
[Message:   BepInEx] Chainloader startup complete
[Info   :WSOYappinator] [DIAGNOSTIC] --- Deep Scan for □□□□ [CI-22 Cricket] ---
[Info   :WSOYappinator] [DIAGNOSTIC] Components found: Transform, NetworkIdentity, Rigidbody, AudioSource, Aircraft, VaporEffect, SetGlobalParticles, FlareEjector, MeshCollider, MeshFilter, MeshRenderer, TurbineEngine, TargetDetector, LODGroup, AeroPart, FuelTank, AircraftNetworkTransform, PowerSupply, Transmission, NavLights, ConstantSpeedProp, PropStrikeDetector, AutopilotPlane, ControlsFilter, WeaponManager, BoxCollider, Animator, SkinnedMeshRenderer, LandingGear, ParticleSystemRenderer, ParticleSystem, Cockpit, Light, UniversalAdditionalLightData, TargetCam, LaserDesignator, CapsuleCollider, Pilot, Canopy, CockpitWarningLights, ControlSurface, HighLiftDevice
[Info   :WSOYappinator] [DIAGNOSTIC] Fields on Aircraft:
[Info   :WSOYappinator] [DIAGNOSTIC]   Field: playerRef (PlayerRef)
[Info   :WSOYappinator] [DIAGNOSTIC]   Field: loadout (Loadout)
[Info   :WSOYappinator] [DIAGNOSTIC]   Field: spawningHangar (NetworkBehaviorSyncvar)
[Info   :WSOYappinator] [DIAGNOSTIC]   Field: startingVelocity (Vector3)
[Info   :WSOYappinator] [DIAGNOSTIC]   Field: LiveryKey (LiveryKey)
[Info   :WSOYappinator] [DIAGNOSTIC]   Field: sortieScore (Single)
[Info   :WSOYappinator] [DIAGNOSTIC]   Field: countermeasureTrigger (Boolean)
[Info   :WSOYappinator] [DIAGNOSTIC]   Field: fuelLevel (Single)
[Info   :WSOYappinator] [DIAGNOSTIC]   Field: Ignition (Boolean)
[Info   :WSOYappinator] [DIAGNOSTIC]   Field: gearDeployed (Boolean)
[Info   :WSOYappinator] [DIAGNOSTIC]   Field: EOTS (TargetDetector)
[Info   :WSOYappinator] [DIAGNOSTIC]   Field: pilots (Pilot[])
[Info   :WSOYappinator] [DIAGNOSTIC]   Field: targetCam (TargetCam)
[Info   :WSOYappinator] [DIAGNOSTIC]   Field: weaponManager (WeaponManager)
[Info   :WSOYappinator] [DIAGNOSTIC]   Field: countermeasureManager (CountermeasureManager)
[Info   :WSOYappinator] [DIAGNOSTIC]   Field: scrapeSound (AudioClip)
[Info   :WSOYappinator] [DIAGNOSTIC]   Field: cockpit (UnitPart)
[Info   :WSOYappinator] [DIAGNOSTIC]   Field: controlsFilter (ControlsFilter)
[Info   :WSOYappinator] [DIAGNOSTIC]   Field: relaxedStabilityController (RelaxedStabilityController)
[Info   :WSOYappinator] [DIAGNOSTIC]   Field: flightAssist (Boolean)
[Info   :WSOYappinator] [DIAGNOSTIC]   Field: defaultRadar (TargetDetector)
[Info   :WSOYappinator] [DIAGNOSTIC]   Field: powerSupply (PowerSupply)
[Info   :WSOYappinator] [DIAGNOSTIC]   Field: canopies (Canopy[])
[Info   :WSOYappinator] [DIAGNOSTIC]   Field: dopplerSounds (List`1)
[Info   :WSOYappinator] [DIAGNOSTIC]   Field: cockpitRenderers (Renderer[])
[Info   :WSOYappinator] [DIAGNOSTIC]   Field: exteriorRenderers (Renderer[])
[Info   :WSOYappinator] [DIAGNOSTIC]   Field: sparksEmitter (ParticleSystem)
[Info   :WSOYappinator] [DIAGNOSTIC]   Field: groundEquipment (GameObject[])
[Info   :WSOYappinator] [DIAGNOSTIC]   Field: autopilot (Autopilot)
[Info   :WSOYappinator] [DIAGNOSTIC]   Field: gearState (GearState)
[Info   :WSOYappinator] [DIAGNOSTIC]   Field: accel (Vector3)
[Info   :WSOYappinator] [DIAGNOSTIC]   Field: velocityPrev (Vector3)
[Info   :WSOYappinator] [DIAGNOSTIC]   Field: windVelocity (Vector3)
[Info   :WSOYappinator] [DIAGNOSTIC]   Field: gForce (Single)
[Info   :WSOYappinator] [DIAGNOSTIC]   Field: simplePhysics (Boolean)
[Info   :WSOYappinator] [DIAGNOSTIC]   Field: skill (Single)
[Info   :WSOYappinator] [DIAGNOSTIC]   Field: bravery (Single)
[Info   :WSOYappinator] [DIAGNOSTIC]   Field: statusDisplay (StatusDisplay)
[Info   :WSOYappinator] [DIAGNOSTIC]   Field: controlInputs (ControlInputs)
[Info   :WSOYappinator] [DIAGNOSTIC]   Field: knownRadarSources (List`1)
[Info   :WSOYappinator] [DIAGNOSTIC]   Field: targetDetectors (List`1)
[Info   :WSOYappinator] [DIAGNOSTIC]   Field: engineStates (List`1)
[Info   :WSOYappinator] [DIAGNOSTIC]   Field: engines (List`1)
[Info   :WSOYappinator] [DIAGNOSTIC]   Field: fuelTanks (List`1)
[Info   :WSOYappinator] [DIAGNOSTIC]   Field: missileWarning (MissileWarning)
[Info   :WSOYappinator] [DIAGNOSTIC]   Field: laserDesignator (LaserDesignator)
[Info   :WSOYappinator] [DIAGNOSTIC]   Field: needsFuel (Boolean)
[Info   :WSOYappinator] [DIAGNOSTIC]   Field: ejected (Boolean)
[Info   :WSOYappinator] [DIAGNOSTIC]   Field: airborne (Boolean)
[Info   :WSOYappinator] [DIAGNOSTIC]   Field: jammingIntensity (Single)
[Info   :WSOYappinator] [DIAGNOSTIC]   Field: fuelCapacity (Single)
[Info   :WSOYappinator] [DIAGNOSTIC]   Field: partsWithAero (List`1)
[Info   :WSOYappinator] [DIAGNOSTIC]   Field: partDamageTracker (PartDamageTracker)
[Info   :WSOYappinator] [DIAGNOSTIC]   Field: emitParams (EmitParams)
[Info   :WSOYappinator] [DIAGNOSTIC]   Field: scrapeSource (AudioSource)
[Info   :WSOYappinator] [DIAGNOSTIC]   Field: smoothingVel (Vector3)
[Info   :WSOYappinator] [DIAGNOSTIC]   Field: rotationSmoothingVel (Vector3)
[Info   :WSOYappinator] [DIAGNOSTIC]   Field: spawnedInPosition (Boolean)
[Info   :WSOYappinator] [DIAGNOSTIC]   Field: partChecker (PartChecker)
[Info   :WSOYappinator] [DIAGNOSTIC]   Field: liveryBehaviour (LiveryBehaviour)
[Info   :WSOYappinator] [DIAGNOSTIC]   Field: CoMDebug (GameObject)
[Info   :WSOYappinator] [DIAGNOSTIC]   Field: debugControlInputsDisplay (DebugControlInputsDisplay)
[Info   :WSOYappinator] [DIAGNOSTIC]   Field: controlSurfaces (List`1)
[Info   :WSOYappinator] [DIAGNOSTIC]   Field: slungUnit (Unit)
[Info   :WSOYappinator] [DIAGNOSTIC]   Field: onLoadoutChanged (Action)
[Info   :WSOYappinator] [DIAGNOSTIC]   Field: onSpawnedInPosition (Action)
[Info   :WSOYappinator] [DIAGNOSTIC]   Field: onEject (Action)
[Info   :WSOYappinator] [DIAGNOSTIC]   Field: OnTouchdown (Action)
[Info   :WSOYappinator] [DIAGNOSTIC]   Field: onSortieSuccessful (Action`1)
[Info   :WSOYappinator] [DIAGNOSTIC]   Field: onSetGear (Action`1)
[Info   :WSOYappinator] [DIAGNOSTIC]   Field: onSetFlightAssist (Action`1)
[Info   :WSOYappinator] [DIAGNOSTIC]   Field: onShake (Action`1)
[Info   :WSOYappinator] [DIAGNOSTIC]   Field: onRadarWarning (Action`1)
[Info   :WSOYappinator] [DIAGNOSTIC]   Field: OnRearm (Action`1)
[Info   :WSOYappinator] [DIAGNOSTIC]   Field: navLights (NavLights)
[Info   :WSOYappinator] [DIAGNOSTIC]   Field: inputIntervalCounter (Int32)
[Info   :WSOYappinator] [DIAGNOSTIC]   Field: persistentID (PersistentID)
[Info   :WSOYappinator] [DIAGNOSTIC]   Field: unitName (String)
[Info   :WSOYappinator] [DIAGNOSTIC]   Field: UniqueName (String)
[Info   :WSOYappinator] [DIAGNOSTIC]   Field: startPosition (GlobalPosition)
[Info   :WSOYappinator] [DIAGNOSTIC]   Field: startRotation (Quaternion)
[Info   :WSOYappinator] [DIAGNOSTIC]   Field: HQ (NetworkBehaviorSyncvar)
[Info   :WSOYappinator] [DIAGNOSTIC]   Field: disabled (Boolean)
[Info   :WSOYappinator] [DIAGNOSTIC]   Field: unitState (UnitState)
[Info   :WSOYappinator] [DIAGNOSTIC]   Field: MapUniqueName (String)
[Info   :WSOYappinator] [DIAGNOSTIC]   Field: MapHQ (FactionHQ)
[Info   :WSOYappinator] [DIAGNOSTIC]   Field: MapAirbase (Airbase)
[Info   :WSOYappinator] [DIAGNOSTIC]   Field: weaponStations (List`1)
[Info   :WSOYappinator] [DIAGNOSTIC]   Field: maxRadius (Single)
[Info   :WSOYappinator] [DIAGNOSTIC]   Field: obstacleTop (Single)
[Info   :WSOYappinator] [DIAGNOSTIC]   Field: displayDetail (Single)
[Info   :WSOYappinator] [DIAGNOSTIC]   Field: visibility (Single)
[Info   :WSOYappinator] [DIAGNOSTIC]   Field: cockpitViewPoint (Transform)
[Info   :WSOYappinator] [DIAGNOSTIC]   Field: definition (UnitDefinition)
[Info   :WSOYappinator] [DIAGNOSTIC]   Field: damageCredit (Dictionary`2)
[Info   :WSOYappinator] [DIAGNOSTIC]   Field: partLookup (List`1)
[Info   :WSOYappinator] [DIAGNOSTIC]   Field: damageables (List`1)
[Info   :WSOYappinator] [DIAGNOSTIC]   Field: networked (Boolean)
[Info   :WSOYappinator] [DIAGNOSTIC]   Field: airDensity (Single)
[Info   :WSOYappinator] [DIAGNOSTIC]   Field: radarAlt (Single)
[Info   :WSOYappinator] [DIAGNOSTIC]   Field: speed (Single)
[Info   :WSOYappinator] [DIAGNOSTIC]   Field: lastAltitudeCheck (Single)
[Info   :WSOYappinator] [DIAGNOSTIC]   Field: RCS (Single)
[Info   :WSOYappinator] [DIAGNOSTIC]   Field: hit (RaycastHit)
[Info   :WSOYappinator] [DIAGNOSTIC]   Field: radar (TargetDetector)
[Info   :WSOYappinator] [DIAGNOSTIC]   Field: spawnedEffects (List`1)
[Info   :WSOYappinator] [DIAGNOSTIC]   Field: _nextSyncTime (Double)
[Info   :WSOYappinator] [DIAGNOSTIC]   Field: SyncSettings (SyncSettings)
[Info   :WSOYappinator] [DIAGNOSTIC]   Field: syncObjects (List`1)
[Info   :WSOYappinator] [DIAGNOSTIC]   Field: _deserializeMask (UInt64)
[Info   :WSOYappinator] [DIAGNOSTIC] Properties on Aircraft:
[Info   :WSOYappinator] [DIAGNOSTIC]   Property: Player (Player)
[Info   :WSOYappinator] [DIAGNOSTIC]   Property: definition (AircraftDefinition)
[Info   :WSOYappinator] [DIAGNOSTIC]   Property: NetworkplayerRef (PlayerRef)
[Info   :WSOYappinator] [DIAGNOSTIC]   Property: Networkloadout (Loadout)
[Info   :WSOYappinator] [DIAGNOSTIC]   Property: NetworkspawningHangar (Hangar)
[Info   :WSOYappinator] [DIAGNOSTIC]   Property: NetworkstartingVelocity (Vector3)
[Info   :WSOYappinator] [DIAGNOSTIC]   Property: NetworkLiveryKey (LiveryKey)
[Info   :WSOYappinator] [DIAGNOSTIC]   Property: NetworksortieScore (Single)
[Info   :WSOYappinator] [DIAGNOSTIC]   Property: NetworkcountermeasureTrigger (Boolean)
[Info   :WSOYappinator] [DIAGNOSTIC]   Property: NetworkfuelLevel (Single)
[Info   :WSOYappinator] [DIAGNOSTIC]   Property: NetworkIgnition (Boolean)
[Info   :WSOYappinator] [DIAGNOSTIC]   Property: NetworkgearDeployed (Boolean)
[Info   :WSOYappinator] [DIAGNOSTIC]   Property: Editor_HQ (FactionHQ)
[Info   :WSOYappinator] [DIAGNOSTIC]   Property: SavedUnit (SavedUnit)
[Info   :WSOYappinator] [DIAGNOSTIC]   Property: BuiltIn (Boolean)
[Info   :WSOYappinator] [DIAGNOSTIC]   Property: IsCustom (Boolean)
[Info   :WSOYappinator] [DIAGNOSTIC]   Property: rb (Rigidbody)
[Info   :WSOYappinator] [DIAGNOSTIC]   Property: remoteSim (Boolean)
[Info   :WSOYappinator] [DIAGNOSTIC]   Property: LocalSim (Boolean)
[Info   :WSOYappinator] [DIAGNOSTIC]   Property: CaptureStrength (Single)
[Info   :WSOYappinator] [DIAGNOSTIC]   Property: CaptureDefense (Single)
[Info   :WSOYappinator] [DIAGNOSTIC]   Property: ObjectType (ObjectType)
[Info   :WSOYappinator] [DIAGNOSTIC]   Property: NetworkpersistentID (PersistentID)
[Info   :WSOYappinator] [DIAGNOSTIC]   Property: NetworkunitName (String)
[Info   :WSOYappinator] [DIAGNOSTIC]   Property: NetworkUniqueName (String)
[Info   :WSOYappinator] [DIAGNOSTIC]   Property: NetworkstartPosition (GlobalPosition)
[Info   :WSOYappinator] [DIAGNOSTIC]   Property: NetworkstartRotation (Quaternion)
[Info   :WSOYappinator] [DIAGNOSTIC]   Property: NetworkHQ (FactionHQ)
[Info   :WSOYappinator] [DIAGNOSTIC]   Property: Networkdisabled (Boolean)
[Info   :WSOYappinator] [DIAGNOSTIC]   Property: NetworkunitState (UnitState)
[Info   :WSOYappinator] [DIAGNOSTIC]   Property: NetworkremoteWeaponStates (WeaponMask)
[Info   :WSOYappinator] [DIAGNOSTIC]   Property: IsServer (Boolean)
[Info   :WSOYappinator] [DIAGNOSTIC]   Property: IsClient (Boolean)
[Info   :WSOYappinator] [DIAGNOSTIC]   Property: IsLocalClient (Boolean)
[Info   :WSOYappinator] [DIAGNOSTIC]   Property: IsHost (Boolean)
[Info   :WSOYappinator] [DIAGNOSTIC]   Property: IsLocalPlayer (Boolean)
[Info   :WSOYappinator] [DIAGNOSTIC]   Property: IsServerOnly (Boolean)
[Info   :WSOYappinator] [DIAGNOSTIC]   Property: IsClientOnly (Boolean)
[Info   :WSOYappinator] [DIAGNOSTIC]   Property: HasAuthority (Boolean)
[Info   :WSOYappinator] [DIAGNOSTIC]   Property: NetId (UInt32)
[Info   :WSOYappinator] [DIAGNOSTIC]   Property: Server (NetworkServer)
[Info   :WSOYappinator] [DIAGNOSTIC]   Property: ServerObjectManager (ServerObjectManager)
[Info   :WSOYappinator] [DIAGNOSTIC]   Property: Client (NetworkClient)
[Info   :WSOYappinator] [DIAGNOSTIC]   Property: ClientObjectManager (ClientObjectManager)
[Info   :WSOYappinator] [DIAGNOSTIC]   Property: Owner (INetworkPlayer)
[Info   :WSOYappinator] [DIAGNOSTIC]   Property: World (NetworkWorld)
[Info   :WSOYappinator] [DIAGNOSTIC]   Property: NetworkTime (NetworkTime)
[Info   :WSOYappinator] [DIAGNOSTIC]   Property: BehaviourId (Id)
[Info   :WSOYappinator] [DIAGNOSTIC]   Property: SyncVarDirtyBits (UInt64)
[Info   :WSOYappinator] [DIAGNOSTIC]   Property: AnySyncObjectDirty (Boolean)
[Info   :WSOYappinator] [DIAGNOSTIC]   Property: Identity (NetworkIdentity)
[Info   :WSOYappinator] [DIAGNOSTIC]   Property: ComponentIndex (Int32)
[Info   :WSOYappinator] [DIAGNOSTIC]   Property: destroyCancellationToken (CancellationToken)
[Info   :WSOYappinator] [DIAGNOSTIC]   Property: useGUILayout (Boolean)
[Info   :WSOYappinator] [DIAGNOSTIC]   Property: enabled (Boolean)
[Info   :WSOYappinator] [DIAGNOSTIC]   Property: isActiveAndEnabled (Boolean)
[Info   :WSOYappinator] [DIAGNOSTIC]   Property: transform (Transform)
[Info   :WSOYappinator] [DIAGNOSTIC]   Property: gameObject (GameObject)
[Info   :WSOYappinator] [DIAGNOSTIC]   Property: tag (String)
[Info   :WSOYappinator] [DIAGNOSTIC]   Property: name (String)
[Info   :WSOYappinator] [DIAGNOSTIC]   Property: hideFlags (HideFlags)
[Info   :WSOYappinator] [DIAGNOSTIC] --- Scan Complete ---
[Info   :WSOYappinator] MWS FOUND on □□□□ [CI-22 Cricket]! Subscribing...
